<?xml version="1.0" encoding="UTF-8"?>
<!-- Generated by org.testng.reporters.JUnitXMLReporter -->
<testsuite ignored="0" hostname="Anushka-kushawaha" failures="0" tests="3" name="Test" time="53.893" errors="0" timestamp="2023-07-28T14:27:32 IST">
  <testcase classname="eCommerceProject.FlipKart" name="flipkartTest" time="22.341"/>
  <testcase classname="eCommerceProject.Ajio" name="ajioTest" time="17.657"/>
  <testcase classname="eCommerceProject.Amazon" name="amazonTest" time="13.779"/>
</testsuite> <!-- Test -->
