<?xml version="1.0" encoding="UTF-8"?>
<testng-results ignored="0" total="3" passed="3" failed="0" skipped="0">
  <reporter-output>
    <line>
      <![CDATA[opening flipkart]]>
    </line>
    <line>
      <![CDATA[opening ajio]]>
    </line>
    <line>
      <![CDATA[opening amazon]]>
    </line>
  </reporter-output>
  <suite started-at="2023-07-28T14:26:38 IST" name="Suite" finished-at="2023-07-28T14:27:32 IST" duration-ms="53893">
    <groups>
    </groups>
    <test started-at="2023-07-28T14:26:38 IST" name="Test" finished-at="2023-07-28T14:27:32 IST" duration-ms="53893">
      <class name="eCommerceProject.FlipKart">
        <test-method signature="flipkartTest()[pri:0, instance:eCommerceProject.FlipKart@7ec7ffd3]" started-at="2023-07-28T14:26:38 IST" name="flipkartTest" finished-at="2023-07-28T14:27:01 IST" duration-ms="22341" status="PASS">
          <reporter-output>
            <line>
              <![CDATA[opening flipkart]]>
            </line>
          </reporter-output>
        </test-method> <!-- flipkartTest -->
      </class> <!-- eCommerceProject.FlipKart -->
      <class name="eCommerceProject.Ajio">
        <test-method signature="ajioTest()[pri:0, instance:eCommerceProject.Ajio@245b4bdc]" started-at="2023-07-28T14:27:01 IST" name="ajioTest" finished-at="2023-07-28T14:27:18 IST" duration-ms="17657" status="PASS">
          <reporter-output>
            <line>
              <![CDATA[opening ajio]]>
            </line>
          </reporter-output>
        </test-method> <!-- ajioTest -->
      </class> <!-- eCommerceProject.Ajio -->
      <class name="eCommerceProject.Amazon">
        <test-method signature="amazonTest()[pri:0, instance:eCommerceProject.Amazon@6c64cb25]" started-at="2023-07-28T14:27:18 IST" name="amazonTest" finished-at="2023-07-28T14:27:32 IST" duration-ms="13779" status="PASS">
          <reporter-output>
            <line>
              <![CDATA[opening amazon]]>
            </line>
          </reporter-output>
        </test-method> <!-- amazonTest -->
      </class> <!-- eCommerceProject.Amazon -->
    </test> <!-- Test -->
  </suite> <!-- Suite -->
</testng-results>
